2023-07-18 01:52:55,482 [INFO] Activator:176 - 


2023-07-18 01:52:55,484 [INFO] Activator:177 - !SESSION log4j initialized
2023-07-18 01:53:09,281 [INFO] LogOutputStream:77 - [STDOUT_REDIRECT] 
2023-07-18 01:53:18,780 [ERROR] LogOutputStream:75 - [STDERR_REDIRECT] SLF4J: Failed to load class "org.slf4j.impl.StaticLoggerBinder".
2023-07-18 01:53:18,782 [ERROR] LogOutputStream:75 - [STDERR_REDIRECT] SLF4J: Defaulting to no-operation (NOP) logger implementation
2023-07-18 01:53:18,783 [ERROR] LogOutputStream:75 - [STDERR_REDIRECT] SLF4J: See http://www.slf4j.org/codes.html#StaticLoggerBinder for further details.
2023-07-18 01:57:04,549 [INFO] Activator:176 - 


2023-07-18 01:57:04,552 [INFO] Activator:177 - !SESSION log4j initialized
2023-07-18 01:57:07,770 [INFO] LogOutputStream:77 - [STDOUT_REDIRECT] 
2023-07-18 01:57:27,552 [ERROR] LogOutputStream:75 - [STDERR_REDIRECT] SLF4J: Failed to load class "org.slf4j.impl.StaticLoggerBinder".
2023-07-18 01:57:27,553 [ERROR] LogOutputStream:75 - [STDERR_REDIRECT] SLF4J: Defaulting to no-operation (NOP) logger implementation
2023-07-18 01:57:27,555 [ERROR] LogOutputStream:75 - [STDERR_REDIRECT] SLF4J: See http://www.slf4j.org/codes.html#StaticLoggerBinder for further details.
2023-07-18 02:02:45,481 [INFO] ApplicationProperties:184 - Using Application install path: C:\ST\STM32CubeIDE_1.10.1\STM32CubeIDE\plugins\com.st.stm32cube.common.mx_6.8.1.202304191431
2023-07-18 02:02:45,509 [INFO] DbMcusXml:78 - Set database path to: C:\ST\STM32CubeIDE_1.10.1\STM32CubeIDE\plugins\com.st.stm32cube.common.mx_6.8.1.202304191431\\db\/mcu/
2023-07-18 02:02:45,510 [INFO] ApiDb:274 - Set plugin database path to: C:\ST\STM32CubeIDE_1.10.1\STM32CubeIDE\plugins\com.st.stm32cube.common.mx_6.8.1.202304191431\\db\/plugins/boardmanager/
2023-07-18 02:02:45,513 [WARN] ApiDb:259 - Overriding images path with different value:  => C:\ST\STM32CubeIDE_1.10.1\STM32CubeIDE\plugins\com.st.stm32cube.common.mx_6.8.1.202304191431\\db\/plugins/mcufinder/images/
2023-07-18 02:02:45,533 [INFO] ApiDb:250 - Set database path to: C:\Users\bens1\.stmcufinder\plugins\mcufinder//mcu/
2023-07-18 02:02:45,536 [INFO] DbMcusAds:125 - Set database path to: C:\Users\bens1\.stmcufinder\plugins\mcufinder//mcu/
2023-07-18 02:02:45,563 [INFO] CrossReferenceDbSqlite:203 - Set database path to: C:\Users\bens1\.stmcufinder\plugins\mcufinder//mcu/cs/
2023-07-18 02:02:45,692 [INFO] RulesReader:64 - Compatibility file has been processed (293 Rules)
2023-07-18 02:02:45,805 [INFO] DbMcusXml:78 - Set database path to: C:\ST\STM32CubeIDE_1.10.1\STM32CubeIDE\plugins\com.st.stm32cube.common.mx_6.8.1.202304191431\\db\/mcu/
2023-07-18 02:02:45,805 [INFO] ApiDb:274 - Set plugin database path to: C:\ST\STM32CubeIDE_1.10.1\STM32CubeIDE\plugins\com.st.stm32cube.common.mx_6.8.1.202304191431\\db\/plugins/boardmanager/
2023-07-18 02:02:45,805 [INFO] ApiDb:261 - Set plugin images path to: C:\ST\STM32CubeIDE_1.10.1\STM32CubeIDE\plugins\com.st.stm32cube.common.mx_6.8.1.202304191431\\db\/plugins/mcufinder/images/
2023-07-18 02:02:45,806 [WARN] DbFile:41 - Overriding database path with different value: C:\Users\bens1\.stmcufinder\plugins\mcufinder/ => C:\Users\bens1\.stmcufinder\plugins\mcufinder
2023-07-18 02:02:45,806 [INFO] ApiDb:250 - Set database path to: C:\Users\bens1\.stmcufinder\plugins\mcufinder//mcu/
2023-07-18 02:02:45,806 [WARN] DbFile:41 - Overriding database path with different value: C:\Users\bens1\.stmcufinder\plugins\mcufinder/ => C:\Users\bens1\.stmcufinder\plugins\mcufinder
2023-07-18 02:02:45,806 [INFO] DbMcusAds:125 - Set database path to: C:\Users\bens1\.stmcufinder\plugins\mcufinder//mcu/
2023-07-18 02:02:45,806 [WARN] DbFile:41 - Overriding database path with different value: C:\Users\bens1\.stmcufinder\plugins\mcufinder/ => C:\Users\bens1\.stmcufinder\plugins\mcufinder
2023-07-18 02:02:45,806 [WARN] DbFile:41 - Overriding database path with different value: C:\Users\bens1\.stmcufinder\plugins\mcufinder/ => C:\Users\bens1\.stmcufinder\plugins\mcufinder
2023-07-18 02:02:45,806 [INFO] CrossReferenceDbSqlite:203 - Set database path to: C:\Users\bens1\.stmcufinder\plugins\mcufinder//mcu/cs/
2023-07-18 02:02:45,913 [INFO] MainPanel:253 - HeapMemory: 908066816
2023-07-18 02:02:46,049 [INFO] DbMcusXml:78 - Set database path to: C:\ST\STM32CubeIDE_1.10.1\STM32CubeIDE\plugins\com.st.stm32cube.common.mx_6.8.1.202304191431\\db\/mcu/
2023-07-18 02:02:46,050 [INFO] ApiDb:274 - Set plugin database path to: C:\ST\STM32CubeIDE_1.10.1\STM32CubeIDE\plugins\com.st.stm32cube.common.mx_6.8.1.202304191431\\db\/plugins/boardmanager/
2023-07-18 02:02:46,050 [INFO] ApiDb:261 - Set plugin images path to: C:\ST\STM32CubeIDE_1.10.1\STM32CubeIDE\plugins\com.st.stm32cube.common.mx_6.8.1.202304191431\\db\/plugins/mcufinder/images/
2023-07-18 02:02:46,051 [WARN] DbFile:41 - Overriding database path with different value: C:\Users\bens1\.stmcufinder\plugins\mcufinder/ => C:\Users\bens1\.stmcufinder\plugins\mcufinder
2023-07-18 02:02:46,051 [INFO] ApiDb:250 - Set database path to: C:\Users\bens1\.stmcufinder\plugins\mcufinder//mcu/
2023-07-18 02:02:46,051 [WARN] DbFile:41 - Overriding database path with different value: C:\Users\bens1\.stmcufinder\plugins\mcufinder/ => C:\Users\bens1\.stmcufinder\plugins\mcufinder
2023-07-18 02:02:46,051 [INFO] DbMcusAds:125 - Set database path to: C:\Users\bens1\.stmcufinder\plugins\mcufinder//mcu/
2023-07-18 02:02:46,051 [WARN] DbFile:41 - Overriding database path with different value: C:\Users\bens1\.stmcufinder\plugins\mcufinder/ => C:\Users\bens1\.stmcufinder\plugins\mcufinder
2023-07-18 02:02:46,051 [WARN] DbFile:41 - Overriding database path with different value: C:\Users\bens1\.stmcufinder\plugins\mcufinder/ => C:\Users\bens1\.stmcufinder\plugins\mcufinder
2023-07-18 02:02:46,052 [INFO] CrossReferenceDbSqlite:203 - Set database path to: C:\Users\bens1\.stmcufinder\plugins\mcufinder//mcu/cs/
2023-07-18 02:02:46,079 [INFO] ApplicationProperties:184 - Using Application install path: C:\ST\STM32CubeIDE_1.10.1\STM32CubeIDE\plugins\com.st.stm32cube.common.mx_6.8.1.202304191431
2023-07-18 02:02:46,081 [INFO] PluginManage:196 - Search for loadable plugins [exclusion list=, ]
2023-07-18 02:02:46,082 [INFO] PluginManage:310 - Check plugin analytics
2023-07-18 02:02:46,273 [INFO] AnalyticsPlugin:253 - Accepted Software Licenses: STM32CubeMX.6.7.0
2023-07-18 02:02:46,274 [INFO] AnalyticsPlugin:255 - Accepted CMSIS Pack Licenses: STMicroelectronics.X-CUBE-MEMS1.9.5.0
2023-07-18 02:02:46,274 [INFO] AnalyticsPlugin:257 - Accepted Firmware Licenses: FW.H5.1.0.0,FW.U5.1.2.0
2023-07-18 02:02:46,286 [INFO] PluginManage:359 - Loaded plugin analytics (category:tool,tabindex:-1)
2023-07-18 02:02:46,286 [INFO] PluginManage:310 - Check plugin cadmodel
2023-07-18 02:02:46,293 [INFO] CADModel:105 - Init CAD model plugin
2023-07-18 02:02:46,293 [INFO] PluginManage:359 - Loaded plugin cadmodel (category:power,tabindex:5)
2023-07-18 02:02:46,294 [INFO] PluginManage:310 - Check plugin clock
2023-07-18 02:02:46,307 [INFO] PluginManage:359 - Loaded plugin clock (category:base,tabindex:2)
2023-07-18 02:02:46,307 [INFO] PluginManage:310 - Check plugin ddr
2023-07-18 02:02:46,310 [INFO] PluginManage:359 - Loaded plugin ddr (category:tool,tabindex:6)
2023-07-18 02:02:46,310 [INFO] PluginManage:310 - Check plugin filemanager
2023-07-18 02:02:46,477 [INFO] PluginManage:359 - Loaded plugin filemanager (category:base,tabindex:10)
2023-07-18 02:02:46,477 [INFO] PluginManage:310 - Check plugin ipmanager
2023-07-18 02:02:46,486 [INFO] PluginManage:359 - Loaded plugin ipmanager (category:base,tabindex:5)
2023-07-18 02:02:46,486 [INFO] PluginManage:310 - Check plugin lpbam
2023-07-18 02:02:46,498 [INFO] PluginManage:359 - Loaded plugin lpbam (category:base,tabindex:0)
2023-07-18 02:02:46,498 [INFO] PluginManage:310 - Check plugin pinoutandconfiguration
2023-07-18 02:02:46,508 [INFO] PluginManage:359 - Loaded plugin pinoutandconfiguration (category:base,tabindex:1)
2023-07-18 02:02:46,508 [INFO] PluginManage:310 - Check plugin pinoutconfig
2023-07-18 02:02:46,628 [WARN] SupportedApi:132 - Cannot load RTOS API schema: s4s-elt-must-match.1: The content of 'definitions' must match (annotation?, (simpleType | complexType)?, (unique | key | keyref)*)). A problem was found starting at: attribute.
2023-07-18 02:02:46,802 [INFO] PluginManage:359 - Loaded plugin pinoutconfig (category:base,tabindex:0)
2023-07-18 02:02:46,802 [INFO] PluginManage:310 - Check plugin power
2023-07-18 02:02:46,818 [INFO] PluginManage:359 - Loaded plugin power (category:power,tabindex:4)
2023-07-18 02:02:46,818 [INFO] PluginManage:310 - Check plugin projectmanager
2023-07-18 02:02:46,835 [INFO] PluginManage:359 - Loaded plugin projectmanager (category:projectmanager,tabindex:3)
2023-07-18 02:02:46,836 [INFO] PluginManage:310 - Check plugin thirdparty
2023-07-18 02:02:46,977 [INFO] PluginManage:359 - Loaded plugin thirdparty (category:base,tabindex:-1)
2023-07-18 02:02:46,976 [WARN] IntegrityCheckThread:84 - waiting for thirdparty lock release [integrity check]
2023-07-18 02:02:46,977 [INFO] PluginManage:310 - Check plugin tools
2023-07-18 02:02:46,977 [INFO] IntegrityCheckThread:86 - entering critical section [integrity check]
2023-07-18 02:02:46,982 [INFO] ThirdPartyUpdaterWithRetryManager:70 - Updater plugin not ready yet. [1/15]
2023-07-18 02:02:46,982 [INFO] PluginManage:359 - Loaded plugin tools (category:base,tabindex:7)
2023-07-18 02:02:46,982 [INFO] PluginManage:310 - Check plugin tutovideos
2023-07-18 02:02:47,265 [INFO] PluginManage:359 - Loaded plugin tutovideos (category:base,tabindex:-1)
2023-07-18 02:02:47,265 [INFO] PluginManage:310 - Check plugin updater
2023-07-18 02:02:47,282 [INFO] PluginManage:359 - Loaded plugin updater (category:base,tabindex:12)
2023-07-18 02:02:47,283 [INFO] PluginManage:283 - PluginManage : Loaded plugins [15]
2023-07-18 02:02:47,623 [INFO] PinOutPanel:1499 - setPackage(No Configuration,No Configuration)
2023-07-18 02:02:47,710 [INFO] CADModel:165 - CPN selected for project level
2023-07-18 02:02:47,710 [INFO] CADModel:114 - Register for checkConnection events
2023-07-18 02:02:47,729 [INFO] IPUIPlugin:80 - create IPUIPlugin
2023-07-18 02:02:47,730 [INFO] PluginManager:220 - loadIPPluginJar : add adc
2023-07-18 02:02:47,733 [INFO] IPUIPlugin:80 - create IPUIPlugin
2023-07-18 02:02:47,733 [INFO] PluginManager:220 - loadIPPluginJar : add aes
2023-07-18 02:02:47,735 [INFO] IPUIPlugin:80 - create IPUIPlugin
2023-07-18 02:02:47,735 [INFO] PluginManager:220 - loadIPPluginJar : add can
2023-07-18 02:02:47,737 [INFO] IPUIPlugin:80 - create IPUIPlugin
2023-07-18 02:02:47,737 [INFO] PluginManager:220 - loadIPPluginJar : add comp
2023-07-18 02:02:47,739 [INFO] IPUIPlugin:80 - create IPUIPlugin
2023-07-18 02:02:47,739 [INFO] PluginManager:220 - loadIPPluginJar : add cryp
2023-07-18 02:02:47,743 [INFO] IPUIPlugin:80 - create IPUIPlugin
2023-07-18 02:02:47,743 [INFO] PluginManager:220 - loadIPPluginJar : add dfsdm
2023-07-18 02:02:47,749 [INFO] IPUIPlugin:80 - create IPUIPlugin
2023-07-18 02:02:47,750 [INFO] PluginManager:220 - loadIPPluginJar : add dma
2023-07-18 02:02:47,752 [INFO] IPUIPlugin:80 - create IPUIPlugin
2023-07-18 02:02:47,752 [INFO] PluginManager:220 - loadIPPluginJar : add dma3
2023-07-18 02:02:47,754 [INFO] IPUIPlugin:80 - create IPUIPlugin
2023-07-18 02:02:47,754 [INFO] PluginManager:220 - loadIPPluginJar : add fatfs
2023-07-18 02:02:47,759 [INFO] IPUIPlugin:80 - create IPUIPlugin
2023-07-18 02:02:47,760 [INFO] PluginManager:220 - loadIPPluginJar : add fmc
2023-07-18 02:02:47,765 [INFO] IPUIPlugin:80 - create IPUIPlugin
2023-07-18 02:02:47,766 [INFO] PluginManager:220 - loadIPPluginJar : add freertos
2023-07-18 02:02:47,767 [INFO] IPUIPlugin:80 - create IPUIPlugin
2023-07-18 02:02:47,767 [INFO] PluginManager:220 - loadIPPluginJar : add genericplugin
2023-07-18 02:02:47,769 [INFO] IPUIPlugin:80 - create IPUIPlugin
2023-07-18 02:02:47,769 [INFO] PluginManager:220 - loadIPPluginJar : add gfxmmu
2023-07-18 02:02:47,775 [INFO] IPUIPlugin:80 - create IPUIPlugin
2023-07-18 02:02:47,776 [INFO] PluginManager:220 - loadIPPluginJar : add gic
2023-07-18 02:02:47,780 [INFO] IPUIPlugin:80 - create IPUIPlugin
2023-07-18 02:02:47,780 [INFO] PluginManager:220 - loadIPPluginJar : add gpio
2023-07-18 02:02:47,783 [INFO] IPUIPlugin:80 - create IPUIPlugin
2023-07-18 02:02:47,783 [INFO] PluginManager:220 - loadIPPluginJar : add gtzc
2023-07-18 02:02:47,785 [INFO] IPUIPlugin:80 - create IPUIPlugin
2023-07-18 02:02:47,785 [INFO] PluginManager:220 - loadIPPluginJar : add hash
2023-07-18 02:02:47,788 [INFO] IPUIPlugin:80 - create IPUIPlugin
2023-07-18 02:02:47,788 [INFO] PluginManager:220 - loadIPPluginJar : add i2c
2023-07-18 02:02:47,791 [INFO] IPUIPlugin:80 - create IPUIPlugin
2023-07-18 02:02:47,791 [INFO] PluginManager:220 - loadIPPluginJar : add i2s
2023-07-18 02:02:47,794 [INFO] IPUIPlugin:80 - create IPUIPlugin
2023-07-18 02:02:47,794 [INFO] PluginManager:220 - loadIPPluginJar : add i3c
2023-07-18 02:02:47,799 [INFO] IPUIPlugin:80 - create IPUIPlugin
2023-07-18 02:02:47,799 [INFO] PluginManager:220 - loadIPPluginJar : add ipddr
2023-07-18 02:02:47,807 [INFO] IPUIPlugin:80 - create IPUIPlugin
2023-07-18 02:02:47,807 [INFO] PluginManager:220 - loadIPPluginJar : add linkedlist
2023-07-18 02:02:47,810 [INFO] IPUIPlugin:80 - create IPUIPlugin
2023-07-18 02:02:47,810 [INFO] PluginManager:220 - loadIPPluginJar : add lorawan
2023-07-18 02:02:47,812 [INFO] IPUIPlugin:80 - create IPUIPlugin
2023-07-18 02:02:47,812 [INFO] PluginManager:220 - loadIPPluginJar : add ltdc
2023-07-18 02:02:47,818 [INFO] IPUIPlugin:80 - create IPUIPlugin
2023-07-18 02:02:47,818 [INFO] PluginManager:220 - loadIPPluginJar : add mdma
2023-07-18 02:02:47,821 [INFO] IPUIPlugin:80 - create IPUIPlugin
2023-07-18 02:02:47,821 [INFO] PluginManager:220 - loadIPPluginJar : add nvic
2023-07-18 02:02:47,825 [INFO] IPUIPlugin:80 - create IPUIPlugin
2023-07-18 02:02:47,825 [INFO] PluginManager:220 - loadIPPluginJar : add opamp
2023-07-18 02:02:47,828 [INFO] IPUIPlugin:80 - create IPUIPlugin
2023-07-18 02:02:47,828 [INFO] PluginManager:220 - loadIPPluginJar : add openamp
2023-07-18 02:02:47,831 [INFO] IPUIPlugin:80 - create IPUIPlugin
2023-07-18 02:02:47,831 [INFO] PluginManager:220 - loadIPPluginJar : add pdm2pcm
2023-07-18 02:02:47,841 [INFO] IPUIPlugin:80 - create IPUIPlugin
2023-07-18 02:02:47,845 [INFO] PluginManager:220 - loadIPPluginJar : add plateformsettings
2023-07-18 02:02:47,847 [INFO] IPUIPlugin:80 - create IPUIPlugin
2023-07-18 02:02:47,847 [INFO] PluginManager:220 - loadIPPluginJar : add quadspi
2023-07-18 02:02:47,851 [INFO] IPUIPlugin:80 - create IPUIPlugin
2023-07-18 02:02:47,851 [INFO] PluginManager:220 - loadIPPluginJar : add resmgrutility
2023-07-18 02:02:47,854 [INFO] IPUIPlugin:80 - create IPUIPlugin
2023-07-18 02:02:47,854 [INFO] PluginManager:220 - loadIPPluginJar : add sai
2023-07-18 02:02:47,856 [INFO] IPUIPlugin:80 - create IPUIPlugin
2023-07-18 02:02:47,856 [INFO] PluginManager:220 - loadIPPluginJar : add spi
2023-07-18 02:02:47,861 [INFO] IPUIPlugin:80 - create IPUIPlugin
2023-07-18 02:02:47,861 [INFO] PluginManager:220 - loadIPPluginJar : add stm32_wpan
2023-07-18 02:02:47,862 [INFO] IPUIPlugin:80 - create IPUIPlugin
2023-07-18 02:02:47,862 [INFO] PluginManager:220 - loadIPPluginJar : add tim
2023-07-18 02:02:47,865 [INFO] IPUIPlugin:80 - create IPUIPlugin
2023-07-18 02:02:47,865 [INFO] PluginManager:220 - loadIPPluginJar : add touchsensing
2023-07-18 02:02:47,867 [INFO] IPUIPlugin:80 - create IPUIPlugin
2023-07-18 02:02:47,867 [INFO] PluginManager:220 - loadIPPluginJar : add tracer_emb
2023-07-18 02:02:47,869 [INFO] IPUIPlugin:80 - create IPUIPlugin
2023-07-18 02:02:47,869 [INFO] PluginManager:220 - loadIPPluginJar : add ts
2023-07-18 02:02:47,871 [INFO] IPUIPlugin:80 - create IPUIPlugin
2023-07-18 02:02:47,871 [INFO] PluginManager:220 - loadIPPluginJar : add tsc
2023-07-18 02:02:47,873 [INFO] IPUIPlugin:80 - create IPUIPlugin
2023-07-18 02:02:47,873 [INFO] PluginManager:220 - loadIPPluginJar : add ucpd
2023-07-18 02:02:47,876 [INFO] IPUIPlugin:80 - create IPUIPlugin
2023-07-18 02:02:47,876 [INFO] PluginManager:220 - loadIPPluginJar : add usart
2023-07-18 02:02:47,879 [INFO] IPUIPlugin:80 - create IPUIPlugin
2023-07-18 02:02:47,879 [INFO] PluginManager:220 - loadIPPluginJar : add usbx
2023-07-18 02:02:48,023 [INFO] CADModel:165 - CPN selected for project level
2023-07-18 02:02:48,023 [INFO] CADModel:114 - Register for checkConnection events
2023-07-18 02:02:48,023 [FATAL] Updater:308 - Updater called before beeing initialized
2023-07-18 02:02:48,023 [ERROR] CADModel:125 - Updater not yet initialized, retry later 
2023-07-18 02:02:48,247 [INFO] CADModel:165 - CPN selected for project level
2023-07-18 02:02:48,248 [INFO] CADModel:114 - Register for checkConnection events
2023-07-18 02:02:48,248 [FATAL] Updater:308 - Updater called before beeing initialized
2023-07-18 02:02:48,248 [ERROR] CADModel:125 - Updater not yet initialized, retry later 
2023-07-18 02:02:48,252 [FATAL] Updater:308 - Updater called before beeing initialized
2023-07-18 02:02:48,382 [FATAL] Updater:308 - Updater called before beeing initialized
2023-07-18 02:02:48,390 [INFO] DbMcusAds:53 - JSON generation date=Tue Mar 07 08:50:55 GMT 2023 (1678179055335)
2023-07-18 02:02:48,391 [FATAL] Updater:308 - Updater called before beeing initialized
2023-07-18 02:02:48,434 [WARN] DetailPanel:346 - Failed to get advertising image, set to default
2023-07-18 02:02:48,572 [FATAL] Updater:308 - Updater called before beeing initialized
2023-07-18 02:02:48,576 [FATAL] Updater:308 - Updater called before beeing initialized
2023-07-18 02:02:48,576 [FATAL] Updater:308 - Updater called before beeing initialized
2023-07-18 02:02:48,576 [WARN] DetailPanel:346 - Failed to get advertising image, set to default
2023-07-18 02:02:48,577 [FATAL] Updater:308 - Updater called before beeing initialized
2023-07-18 02:02:48,644 [ERROR] Updater:1120 - MainUpdater not yet initialized. External WinMGr cannot be set.
2023-07-18 02:02:48,647 [INFO] Updater:1056 - Updater Version found : 6.8.1
2023-07-18 02:02:48,670 [INFO] ApplicationProperties:184 - Using Application install path: C:\ST\STM32CubeIDE_1.10.1\STM32CubeIDE\plugins\com.st.stm32cube.common.mx_6.8.1.202304191431
2023-07-18 02:02:49,074 [INFO] MainUpdater:2854 - connection check result : 10
2023-07-18 02:02:49,075 [INFO] MainUpdater:283 - Updater Check For Update Now.
2023-07-18 02:02:49,075 [INFO] MicroXplorer:498 - Change Database Version : DB.6.0.81
2023-07-18 02:02:49,262 [INFO] CheckServerUpdateThread:120 - End of CheckServer Thread
2023-07-18 02:02:49,287 [INFO] MainUpdater:2854 - connection check result : 10
2023-07-18 02:02:49,288 [INFO] MainUpdater:2854 - connection check result : 10
2023-07-18 02:02:49,340 [INFO] MicroXplorer:468 - Change Database Path : 
2023-07-18 02:02:49,340 [INFO] MicroXplorer:498 - Change Database Version : DB.6.0.81
2023-07-18 02:02:49,341 [WARN] ThirdParty:871 - waiting for thirdparty lock release [close project]
2023-07-18 02:02:50,229 [WARN] PackLoader:240 - Cannot read IP mode file for STMicroelectronics.X-CUBE-GNSS1.6.0.0
2023-07-18 02:02:50,391 [WARN] PackLoader:240 - Cannot read IP mode file for STMicroelectronics.X-CUBE-AZRTOS-F4.1.1.0
2023-07-18 02:02:50,414 [WARN] PackLoader:240 - Cannot read IP mode file for STMicroelectronics.X-CUBE-SMBUS.2.1.0
2023-07-18 02:02:50,498 [WARN] PackLoader:240 - Cannot read IP mode file for STMicroelectronics.X-CUBE-MEMS1.9.2.0
2023-07-18 02:02:50,656 [WARN] PackLoader:240 - Cannot read IP mode file for STMicroelectronics.X-CUBE-BLEMGR.1.2.0
2023-07-18 02:02:50,680 [WARN] PackLoader:240 - Cannot read IP mode file for STMicroelectronics.X-CUBE-AZRTOS-F7.1.1.0
2023-07-18 02:02:50,728 [WARN] PackLoader:240 - Cannot read IP mode file for STMicroelectronics.X-CUBE-MEMS1.9.6.0
2023-07-18 02:02:51,034 [ERROR] RealEvaluatedCondition:428 - Found unsupported composite condition: CLASS='Data Exchange' GROUP='STM32_MetaDataManager'
2023-07-18 02:02:51,035 [ERROR] RealEvaluatedCondition:428 - Found unsupported composite condition: CLASS='Data Exchange' GROUP='STM32_MetaDataManager'
2023-07-18 02:02:51,036 [WARN] PackLoader:240 - Cannot read IP mode file for STMicroelectronics.FP-SNS-MOTENV1.4.3.0
2023-07-18 02:02:51,041 [WARN] PackLoader:240 - Cannot read IP mode file for STMicroelectronics.FP-SNS-MOTENV1.4.3.2
2023-07-18 02:02:51,047 [WARN] PackLoader:240 - Cannot read IP mode file for STMicroelectronics.FP-SNS-FLIGHT1.5.0.0
2023-07-18 02:02:51,051 [ERROR] RealEvaluatedCondition:428 - Found unsupported composite condition: CLASS='Data Exchange' GROUP='STM32_MetaDataManager'
2023-07-18 02:02:51,051 [ERROR] RealEvaluatedCondition:428 - Found unsupported composite condition: GROUP='STM32_MetaDataManager' CLASS='Data Exchange'
2023-07-18 02:02:51,052 [WARN] PackLoader:240 - Cannot read IP mode file for STMicroelectronics.FP-SNS-MOTENV1.4.3.1
2023-07-18 02:02:51,058 [WARN] PackLoader:240 - Cannot read IP mode file for STMicroelectronics.FP-SNS-FLIGHT1.5.0.1
2023-07-18 02:02:51,066 [WARN] PackLoader:240 - Cannot read IP mode file for STMicroelectronics.X-CUBE-BLE1.6.2.3
2023-07-18 02:02:51,072 [WARN] PackLoader:240 - Cannot read IP mode file for STMicroelectronics.X-CUBE-BLE1.6.2.4
2023-07-18 02:02:51,081 [WARN] PackLoader:240 - Cannot read IP mode file for STMicroelectronics.X-CUBE-BLEMGR.2.0.0
2023-07-18 02:02:51,091 [WARN] PackLoader:240 - Cannot read IP mode file for STMicroelectronics.X-CUBE-NFC4.2.0.5
2023-07-18 02:02:51,099 [WARN] PackLoader:240 - Cannot read IP mode file for STMicroelectronics.X-CUBE-NFC4.2.0.4
2023-07-18 02:02:51,119 [WARN] ConditionMgr:438 - getConditionDescription Invalid condition id : UX DEVICE CLASS RTOS Condition cause : null
2023-07-18 02:02:51,119 [WARN] ConditionMgr:438 - getConditionDescription Invalid condition id : UX DEVICE CLASS RTOS Condition cause : null
2023-07-18 02:02:51,123 [WARN] PackLoader:240 - Cannot read IP mode file for STMicroelectronics.X-CUBE-AZRTOS-H7.3.1.0
2023-07-18 02:02:51,124 [WARN] ConditionMgr:1039 - genDependencies : Invalid condition id : UX DEVICE CLASS RTOS Condition cause : null
2023-07-18 02:02:51,124 [WARN] ConditionMgr:1039 - genDependencies : Invalid condition id : UX DEVICE CLASS RTOS Condition cause : null
2023-07-18 02:02:51,125 [WARN] ConditionMgr:1039 - genDependencies : Invalid condition id : UX DEVICE CLASS RTOS Condition cause : null
2023-07-18 02:02:51,125 [WARN] ConditionMgr:1039 - genDependencies : Invalid condition id : UX DEVICE CLASS RTOS Condition cause : null
2023-07-18 02:02:51,126 [WARN] ConditionMgr:1039 - genDependencies : Invalid condition id : UX DEVICE CLASS RTOS Condition cause : null
2023-07-18 02:02:51,132 [WARN] ConditionMgr:438 - getConditionDescription Invalid condition id : UX DEVICE CLASS RTOS Condition cause : null
2023-07-18 02:02:51,133 [WARN] ConditionMgr:438 - getConditionDescription Invalid condition id : UX DEVICE CLASS RTOS Condition cause : null
2023-07-18 02:02:51,225 [WARN] PackLoader:240 - Cannot read IP mode file for STMicroelectronics.X-CUBE-TOF1.3.1.0
2023-07-18 02:02:51,237 [WARN] PackLoader:240 - Cannot read IP mode file for STMicroelectronics.X-CUBE-DISPLAY.3.0.0
2023-07-18 02:02:51,258 [WARN] PackLoader:240 - Cannot read IP mode file for STMicroelectronics.X-CUBE-AZRTOS-F4.1.0.0
2023-07-18 02:02:51,268 [WARN] PackLoader:240 - Cannot read IP mode file for STMicroelectronics.X-CUBE-TOUCHGFX.4.22.0
2023-07-18 02:02:51,274 [WARN] PackLoader:240 - Cannot read IP mode file for STMicroelectronics.X-CUBE-NFC7.1.0.1
2023-07-18 02:02:51,282 [WARN] PackLoader:240 - Cannot read IP mode file for STMicroelectronics.X-CUBE-NFC7.1.0.0
2023-07-18 02:02:51,324 [WARN] PackLoader:240 - Cannot read IP mode file for STMicroelectronics.X-CUBE-MEMS1.9.3.0
2023-07-18 02:02:51,475 [WARN] PackLoader:240 - Cannot read IP mode file for STMicroelectronics.X-CUBE-EEPRMA1.4.1.0
2023-07-18 02:02:51,514 [WARN] PackLoader:240 - Cannot read IP mode file for STMicroelectronics.X-CUBE-AI.7.2.0
2023-07-18 02:02:51,525 [INFO] LogOutputStream:77 - [STDOUT_REDIRECT] 1 : Invalid condition id : UX_CORESTACK_Condition cause : null
2023-07-18 02:02:51,525 [INFO] LogOutputStream:77 - [STDOUT_REDIRECT] 1 : Invalid condition id : UX_CORESTACK_Condition cause : null
2023-07-18 02:02:51,527 [INFO] LogOutputStream:77 - [STDOUT_REDIRECT] 1 : Invalid condition id : UX_CORESTACK_Condition cause : null
2023-07-18 02:02:51,528 [INFO] LogOutputStream:77 - [STDOUT_REDIRECT] 1 : Invalid condition id : UX_CORESTACK_Condition cause : null
2023-07-18 02:02:51,530 [INFO] LogOutputStream:77 - [STDOUT_REDIRECT] 1 : Invalid condition id : UX_CORESTACK_Condition cause : null
2023-07-18 02:02:51,533 [WARN] PackLoader:240 - Cannot read IP mode file for STMicroelectronics.X-CUBE-AZRTOS-WL.2.0.0
2023-07-18 02:02:51,555 [WARN] ConditionMgr:438 - getConditionDescription Invalid condition id : LAN8742 Phy interface Condition cause : null
2023-07-18 02:02:51,556 [WARN] PackLoader:240 - Cannot read IP mode file for STMicroelectronics.X-CUBE-AZRTOS-L4.2.0.0
2023-07-18 02:02:51,558 [WARN] ConditionMgr:1039 - genDependencies : Invalid condition id : LAN8742 Phy interface Condition cause : null
2023-07-18 02:02:51,559 [WARN] ConditionMgr:1039 - genDependencies : Invalid condition id : LAN8742 Phy interface Condition cause : null
2023-07-18 02:02:51,560 [WARN] ConditionMgr:1039 - genDependencies : Invalid condition id : LAN8742 Phy interface Condition cause : null
2023-07-18 02:02:51,571 [WARN] PackLoader:240 - Cannot read IP mode file for WES.I-CUBE-Cesium.1.3.0
2023-07-18 02:02:51,580 [WARN] PackLoader:240 - Cannot read IP mode file for STMicroelectronics.X-CUBE-SFXS2LP1.4.0.0
2023-07-18 02:02:51,587 [WARN] PackLoader:240 - Cannot read IP mode file for STMicroelectronics.X-CUBE-BLE2.3.3.0
2023-07-18 02:02:51,614 [WARN] PackLoader:240 - Cannot read IP mode file for STMicroelectronics.X-CUBE-DISPLAY.2.2.0
2023-07-18 02:02:51,628 [WARN] PackLoader:240 - Cannot read IP mode file for STMicroelectronics.X-CUBE-TOF1.3.2.0
2023-07-18 02:02:51,658 [WARN] PackLoader:240 - Cannot read IP mode file for STMicroelectronics.X-CUBE-AZRTOS-H7.3.0.0
2023-07-18 02:02:51,668 [WARN] PackLoader:240 - Cannot read IP mode file for STMicroelectronics.X-CUBE-ISPU.1.0.0
2023-07-18 02:02:51,672 [WARN] PackLoader:240 - Cannot read IP mode file for STMicroelectronics.X-CUBE-ISPU.1.1.0
2023-07-18 02:02:51,682 [WARN] PackLoader:240 - Cannot read IP mode file for RoweBots.I-CUBE-UNISONRTOS.5.5.0-4
2023-07-18 02:02:51,699 [WARN] PackLoader:240 - Cannot read IP mode file for STMicroelectronics.X-CUBE-AZRTOS-H7.2.1.0
2023-07-18 02:02:51,707 [WARN] PackLoader:240 - Cannot read IP mode file for STMicroelectronics.X-CUBE-AI.8.0.0
2023-07-18 02:02:51,735 [WARN] PackLoader:240 - Cannot read IP mode file for STMicroelectronics.X-CUBE-FREERTOS.1.0.0
2023-07-18 02:02:51,742 [WARN] PackLoader:240 - Cannot read IP mode file for STMicroelectronics.X-CUBE-FREERTOS.1.0.1
2023-07-18 02:02:51,746 [WARN] PackLoader:240 - Cannot read IP mode file for STMicroelectronics.X-CUBE-TOUCHGFX.4.21.1
2023-07-18 02:02:51,750 [WARN] PackLoader:240 - Cannot read IP mode file for STMicroelectronics.X-CUBE-TOUCHGFX.4.21.0
2023-07-18 02:02:51,753 [WARN] PackLoader:240 - Cannot read IP mode file for STMicroelectronics.X-CUBE-TOUCHGFX.4.21.3
2023-07-18 02:02:51,759 [WARN] PackLoader:240 - Cannot read IP mode file for STMicroelectronics.X-CUBE-BLEMGR.1.0.0
2023-07-18 02:02:51,765 [WARN] PackLoader:240 - Cannot read IP mode file for STMicroelectronics.X-CUBE-TOUCHGFX.4.21.4
2023-07-18 02:02:51,805 [WARN] PackLoader:240 - Cannot read IP mode file for STMicroelectronics.X-CUBE-MEMS1.9.4.0
2023-07-18 02:02:52,028 [WARN] PackLoader:240 - Cannot read IP mode file for STMicroelectronics.X-CUBE-AI.7.3.0
2023-07-18 02:02:52,035 [WARN] PackLoader:240 - Cannot read IP mode file for STMicroelectronics.X-CUBE-ALGOBUILD.1.3.0
2023-07-18 02:02:52,053 [WARN] PackLoader:240 - Cannot read IP mode file for STMicroelectronics.X-CUBE-AZRTOS-L5.1.1.0
2023-07-18 02:02:52,071 [WARN] PackLoader:240 - Cannot read IP mode file for STMicroelectronics.X-CUBE-AZRTOS-G0.1.1.0
2023-07-18 02:02:52,078 [WARN] PackLoader:240 - Cannot read IP mode file for STMicroelectronics.X-CUBE-AI.8.0.1
2023-07-18 02:02:52,089 [WARN] PackLoader:240 - Cannot read IP mode file for STMicroelectronics.X-CUBE-SUBG2.5.0.0
2023-07-18 02:02:52,099 [WARN] PackLoader:240 - Cannot read IP mode file for STMicroelectronics.X-CUBE-NFC4.3.0.0
2023-07-18 02:02:52,149 [WARN] PackLoader:240 - Cannot read IP mode file for SEGGER.I-CUBE-embOS.1.2.0
2023-07-18 02:02:52,200 [WARN] PackLoader:240 - Cannot read IP mode file for STMicroelectronics.X-CUBE-AZRTOS-G4.2.0.0
2023-07-18 02:02:52,275 [WARN] PackLoader:240 - Cannot read IP mode file for STMicroelectronics.X-CUBE-TOF1.3.3.0
2023-07-18 02:02:52,290 [WARN] PackLoader:240 - Cannot read IP mode file for STMicroelectronics.FP-ATR-ASTRA1.1.1.1
2023-07-18 02:02:52,293 [WARN] PackLoader:240 - Cannot read IP mode file for STMicroelectronics.FP-ATR-ASTRA1.1.1.0
2023-07-18 02:02:52,301 [WARN] PackLoader:240 - Cannot read IP mode file for STMicroelectronics.X-CUBE-BLEMGR.1.3.0
2023-07-18 02:02:52,317 [WARN] PackLoader:240 - Cannot read IP mode file for STMicroelectronics.X-CUBE-AZRTOS-G4.1.0.0
2023-07-18 02:02:52,323 [WARN] PackLoader:240 - Cannot read IP mode file for STMicroelectronics.FP-ATR-SIGFOX1.3.2.0
2023-07-18 02:02:52,328 [WARN] PackLoader:240 - Cannot read IP mode file for wolfSSL.I-CUBE-wolfSSL.5.3.0
2023-07-18 02:02:52,341 [WARN] PackLoader:240 - Cannot read IP mode file for STMicroelectronics.X-CUBE-AZRTOS-L4.1.0.0
2023-07-18 02:02:52,351 [WARN] PackLoader:240 - Cannot read IP mode file for emotas.I-CUBE-CANOPEN.1.1.2
2023-07-18 02:02:52,355 [WARN] PackLoader:240 - Cannot read IP mode file for STMicroelectronics.X-CUBE-TOUCHGFX.4.20.0
2023-07-18 02:02:52,363 [WARN] PackLoader:240 - Cannot read IP mode file for STMicroelectronics.X-CUBE-AZRTOS-WL.1.0.0
2023-07-18 02:02:52,372 [WARN] PackLoader:240 - Cannot read IP mode file for portGmbH.I-Cube-SoM-uGOAL.1.1.0
2023-07-18 02:02:52,378 [WARN] PackLoader:240 - Cannot read IP mode file for STMicroelectronics.X-CUBE-ALS.1.0.1
2023-07-18 02:02:52,418 [WARN] PackLoader:240 - Cannot read IP mode file for STMicroelectronics.X-CUBE-MEMS1.9.5.0
2023-07-18 02:02:52,645 [WARN] PackLoader:240 - Cannot read IP mode file for STMicroelectronics.X-CUBE-AZRTOS-WB.1.1.0
2023-07-18 02:02:52,673 [WARN] PackLoader:240 - Cannot read IP mode file for SEGGER.I-CUBE-embOS.1.3.1
2023-07-18 02:02:52,712 [WARN] PackLoader:240 - Cannot read IP mode file for STMicroelectronics.X-CUBE-AZRTOS-L5.1.0.0
2023-07-18 02:02:52,718 [WARN] PackLoader:240 - Cannot read IP mode file for STMicroelectronics.X-CUBE-EEPRMA1.3.1.1
2023-07-18 02:02:52,723 [WARN] PackLoader:240 - Cannot read IP mode file for STMicroelectronics.FP-ATR-ASTRA1.2.0.0
2023-07-18 02:02:52,724 [INFO] ThirdParty:978 - Integrity check success = true
2023-07-18 02:02:52,724 [INFO] IntegrityCheckThread:100 - exiting critical section [integrity check]
2023-07-18 02:02:52,724 [INFO] IntegrityCheckThread:103 - End integrity checks thread
2023-07-18 02:02:52,724 [INFO] ThirdParty:873 - entering critical section [close project]
2023-07-18 02:02:52,726 [INFO] ThirdParty:883 - exiting critical section [close project]
2023-07-18 02:02:52,733 [INFO] PinOutPanel:1499 - setPackage(No Configuration,No Configuration)
2023-07-18 02:02:52,741 [INFO] UtilMem:75 - Begin LoadConfig() Used Memory: 769070496 Bytes (908066816)
2023-07-18 02:02:52,742 [INFO] MicroXplorer:468 - Change Database Path : 
2023-07-18 02:02:52,743 [INFO] MicroXplorer:498 - Change Database Version : DB.6.0.81
2023-07-18 02:02:52,743 [INFO] OpenFileManager:308 - Change cursor
2023-07-18 02:02:52,799 [INFO] Mcu:1937 - Initializing MCU STM32H723ZGTx STM32H723ZGTx STM32H723ZGT6
2023-07-18 02:02:56,621 [INFO] Context:659 - Trying to add GPIOservice into a context  which must be forbidden
2023-07-18 02:02:58,154 [INFO] RtosManager:555 - Registered RTOS mode: class=CMSIS, group=RTOS, mode=CMSIS_V1, owner=FREERTOS
2023-07-18 02:02:58,154 [INFO] RtosManager:555 - Registered RTOS mode: class=CMSIS, group=RTOS2, mode=CMSIS_V2, owner=FREERTOS
2023-07-18 02:02:58,154 [INFO] RtosManager:555 - Registered RTOS mode: class=RTOS, group=Core, mode=CMSIS_V1, owner=FREERTOS
2023-07-18 02:02:58,154 [INFO] RtosManager:555 - Registered RTOS mode: class=RTOS, group=Core, mode=CMSIS_V2, owner=FREERTOS
2023-07-18 02:02:58,155 [WARN] ModelIntegratedComponent:184 - Missing modes for component STMicroelectronics:FreeRTOS:0.0.1:STMicroelectronics:RTOS:FreeRTOS:Core:::10.2.0:
2023-07-18 02:02:58,163 [WARN] ModelIntegratedComponent:182 - Modes not found for component STMicroelectronics:USB_HOST:1.0.0:STMicroelectronics:USB::USB Host:Audio FS::1.0:USB_HOST_1_0_RESTRICTED_FS
2023-07-18 02:02:58,163 [WARN] ModelIntegratedComponent:188 - Modes not found for component STMicroelectronics:USB_HOST:1.0.0:STMicroelectronics:USB::USB Host:Audio FS::1.0:USB_HOST_1_0_RESTRICTED_FS
2023-07-18 02:02:58,163 [WARN] ModelIntegratedComponent:182 - Modes not found for component STMicroelectronics:USB_HOST:1.0.0:STMicroelectronics:USB::USB Host:CDC FS::1.0:USB_HOST_1_0_RESTRICTED_FS
2023-07-18 02:02:58,163 [WARN] ModelIntegratedComponent:188 - Modes not found for component STMicroelectronics:USB_HOST:1.0.0:STMicroelectronics:USB::USB Host:CDC FS::1.0:USB_HOST_1_0_RESTRICTED_FS
2023-07-18 02:02:58,163 [WARN] ModelIntegratedComponent:182 - Modes not found for component STMicroelectronics:USB_HOST:1.0.0:STMicroelectronics:USB::USB Host:MSC FS::1.0:USB_HOST_1_0_RESTRICTED_FS
2023-07-18 02:02:58,164 [WARN] ModelIntegratedComponent:188 - Modes not found for component STMicroelectronics:USB_HOST:1.0.0:STMicroelectronics:USB::USB Host:MSC FS::1.0:USB_HOST_1_0_RESTRICTED_FS
2023-07-18 02:02:58,164 [WARN] ModelIntegratedComponent:182 - Modes not found for component STMicroelectronics:USB_HOST:1.0.0:STMicroelectronics:USB::USB Host:HID FS::1.0:USB_HOST_1_0_RESTRICTED_FS
2023-07-18 02:02:58,164 [WARN] ModelIntegratedComponent:188 - Modes not found for component STMicroelectronics:USB_HOST:1.0.0:STMicroelectronics:USB::USB Host:HID FS::1.0:USB_HOST_1_0_RESTRICTED_FS
2023-07-18 02:02:58,164 [WARN] ModelIntegratedComponent:182 - Modes not found for component STMicroelectronics:USB_HOST:1.0.0:STMicroelectronics:USB::USB Host:MTP FS::1.0:USB_HOST_1_0_RESTRICTED_FS
2023-07-18 02:02:58,164 [WARN] ModelIntegratedComponent:188 - Modes not found for component STMicroelectronics:USB_HOST:1.0.0:STMicroelectronics:USB::USB Host:MTP FS::1.0:USB_HOST_1_0_RESTRICTED_FS
2023-07-18 02:02:58,176 [WARN] ModelIntegratedComponent:63 - No mode defined for component null
2023-07-18 02:02:58,176 [WARN] ModelIntegratedComponent:63 - No mode defined for component null
2023-07-18 02:02:58,176 [WARN] ModelIntegratedComponent:63 - No mode defined for component null
2023-07-18 02:02:58,176 [WARN] ModelIntegratedComponent:63 - No mode defined for component null
2023-07-18 02:02:58,177 [WARN] ModelIntegratedComponent:63 - No mode defined for component null
2023-07-18 02:02:58,177 [WARN] ModelIntegratedComponent:63 - No mode defined for component null
2023-07-18 02:02:58,177 [WARN] ModelIntegratedComponent:63 - No mode defined for component null
2023-07-18 02:02:58,177 [WARN] ModelIntegratedComponent:63 - No mode defined for component null
2023-07-18 02:02:58,177 [WARN] ModelIntegratedComponent:63 - No mode defined for component null
2023-07-18 02:02:58,177 [WARN] ModelIntegratedComponent:63 - No mode defined for component null
2023-07-18 02:02:58,178 [WARN] ModelIntegratedComponent:63 - No mode defined for component null
2023-07-18 02:02:58,178 [WARN] ModelIntegratedComponent:63 - No mode defined for component null
2023-07-18 02:02:58,178 [WARN] ModelIntegratedComponent:63 - No mode defined for component null
2023-07-18 02:02:58,178 [WARN] ModelIntegratedComponent:63 - No mode defined for component null
2023-07-18 02:02:58,178 [WARN] ModelIntegratedComponent:63 - No mode defined for component null
2023-07-18 02:02:58,178 [WARN] ModelIntegratedComponent:63 - No mode defined for component null
2023-07-18 02:02:58,178 [WARN] ModelIntegratedComponent:63 - No mode defined for component null
2023-07-18 02:02:58,179 [WARN] ModelIntegratedComponent:63 - No mode defined for component null
2023-07-18 02:02:58,179 [WARN] ModelIntegratedComponent:63 - No mode defined for component null
2023-07-18 02:02:58,179 [WARN] ModelIntegratedComponent:63 - No mode defined for component null
2023-07-18 02:02:58,179 [WARN] ModelIntegratedComponent:63 - No mode defined for component null
2023-07-18 02:02:58,179 [WARN] ModelIntegratedComponent:63 - No mode defined for component null
2023-07-18 02:02:58,179 [WARN] ModelIntegratedComponent:63 - No mode defined for component null
2023-07-18 02:02:58,179 [WARN] ModelIntegratedComponent:63 - No mode defined for component null
2023-07-18 02:02:58,180 [WARN] ModelIntegratedComponent:63 - No mode defined for component null
2023-07-18 02:02:58,180 [WARN] ModelIntegratedComponent:63 - No mode defined for component null
2023-07-18 02:02:58,180 [WARN] ModelIntegratedComponent:63 - No mode defined for component null
2023-07-18 02:02:58,180 [WARN] ModelIntegratedComponent:63 - No mode defined for component null
2023-07-18 02:02:58,180 [WARN] ModelIntegratedComponent:63 - No mode defined for component null
2023-07-18 02:02:58,181 [WARN] ModelIntegratedComponent:63 - No mode defined for component null
2023-07-18 02:02:58,181 [WARN] ModelIntegratedComponent:63 - No mode defined for component null
2023-07-18 02:02:58,181 [WARN] ModelIntegratedComponent:63 - No mode defined for component null
2023-07-18 02:02:58,181 [WARN] ModelIntegratedComponent:63 - No mode defined for component null
2023-07-18 02:02:58,321 [WARN] ModelIntegratedComponent:182 - Modes not found for component STMicroelectronics:USB_DEVICE:1.0.0:STMicroelectronics:USB::USB Device:Audio FS::1.0:USB_DEVICE_1_0_RESTRICTED_FS
2023-07-18 02:02:58,321 [WARN] ModelIntegratedComponent:188 - Modes not found for component STMicroelectronics:USB_DEVICE:1.0.0:STMicroelectronics:USB::USB Device:Audio FS::1.0:USB_DEVICE_1_0_RESTRICTED_FS
2023-07-18 02:02:58,321 [WARN] ModelIntegratedComponent:182 - Modes not found for component STMicroelectronics:USB_DEVICE:1.0.0:STMicroelectronics:USB::USB Device:CDC FS::1.0:USB_DEVICE_1_0_RESTRICTED_FS
2023-07-18 02:02:58,321 [WARN] ModelIntegratedComponent:188 - Modes not found for component STMicroelectronics:USB_DEVICE:1.0.0:STMicroelectronics:USB::USB Device:CDC FS::1.0:USB_DEVICE_1_0_RESTRICTED_FS
2023-07-18 02:02:58,321 [WARN] ModelIntegratedComponent:182 - Modes not found for component STMicroelectronics:USB_DEVICE:1.0.0:STMicroelectronics:USB::USB Device:DFU FS::1.0:USB_DEVICE_1_0_RESTRICTED_FS
2023-07-18 02:02:58,321 [WARN] ModelIntegratedComponent:188 - Modes not found for component STMicroelectronics:USB_DEVICE:1.0.0:STMicroelectronics:USB::USB Device:DFU FS::1.0:USB_DEVICE_1_0_RESTRICTED_FS
2023-07-18 02:02:58,322 [WARN] ModelIntegratedComponent:182 - Modes not found for component STMicroelectronics:USB_DEVICE:1.0.0:STMicroelectronics:USB::USB Device:HID FS::1.0:USB_DEVICE_1_0_RESTRICTED_FS
2023-07-18 02:02:58,322 [WARN] ModelIntegratedComponent:188 - Modes not found for component STMicroelectronics:USB_DEVICE:1.0.0:STMicroelectronics:USB::USB Device:HID FS::1.0:USB_DEVICE_1_0_RESTRICTED_FS
2023-07-18 02:02:58,322 [WARN] ModelIntegratedComponent:182 - Modes not found for component STMicroelectronics:USB_DEVICE:1.0.0:STMicroelectronics:USB::USB Device:Custom HID FS::1.0:USB_DEVICE_1_0_RESTRICTED_FS
2023-07-18 02:02:58,322 [WARN] ModelIntegratedComponent:188 - Modes not found for component STMicroelectronics:USB_DEVICE:1.0.0:STMicroelectronics:USB::USB Device:Custom HID FS::1.0:USB_DEVICE_1_0_RESTRICTED_FS
2023-07-18 02:02:58,322 [WARN] ModelIntegratedComponent:182 - Modes not found for component STMicroelectronics:USB_DEVICE:1.0.0:STMicroelectronics:USB::USB Device:MSC FS::1.0:USB_DEVICE_1_0_RESTRICTED_FS
2023-07-18 02:02:58,322 [WARN] ModelIntegratedComponent:188 - Modes not found for component STMicroelectronics:USB_DEVICE:1.0.0:STMicroelectronics:USB::USB Device:MSC FS::1.0:USB_DEVICE_1_0_RESTRICTED_FS
2023-07-18 02:02:58,375 [INFO] ThirdPartyModel:298 - Start build external matchings
2023-07-18 02:02:59,999 [INFO] ThirdPartyModel:316 - End build external matchings
2023-07-18 02:03:00,056 [INFO] RtosManager:919 - Current active RTOS is FREERTOS [Cortex-M7NS]
2023-07-18 02:03:00,061 [WARN] IP:2113 - ClockDivider not found: check if there is a RefParameter without a condition.
2023-07-18 02:03:00,062 [WARN] IP:2113 - ClockDividerCCU not found: check if there is a RefParameter without a condition.
2023-07-18 02:03:00,062 [WARN] IP:2113 - MinOscClkPeriodsCCU not found: check if there is a RefParameter without a condition.
2023-07-18 02:03:00,062 [WARN] IP:2113 - TimeQuantaPerBitTimeCCU not found: check if there is a RefParameter without a condition.
2023-07-18 02:03:00,062 [WARN] IP:2113 - WatchdogStartValueCCU not found: check if there is a RefParameter without a condition.
2023-07-18 02:03:00,062 [WARN] IP:2113 - ClockDivider not found: check if there is a RefParameter without a condition.
2023-07-18 02:03:00,063 [WARN] IP:2113 - ClockDividerCCU not found: check if there is a RefParameter without a condition.
2023-07-18 02:03:00,063 [WARN] IP:2113 - MinOscClkPeriodsCCU not found: check if there is a RefParameter without a condition.
2023-07-18 02:03:00,063 [WARN] IP:2113 - TimeQuantaPerBitTimeCCU not found: check if there is a RefParameter without a condition.
2023-07-18 02:03:00,063 [WARN] IP:2113 - WatchdogStartValueCCU not found: check if there is a RefParameter without a condition.
2023-07-18 02:03:00,074 [INFO] ImportTextPane:194 - (OptionalMessage_ERROR) IP (RCC) : Parameter (ADCFreq_Value) has invalid value (320000000)
2023-07-18 02:03:00,077 [INFO] ImportTextPane:194 - (OptionalMessage_ERROR) IP (RCC) : Invalid parameter (FamilyName)
2023-07-18 02:03:00,092 [WARN] IP:2113 - DEVICE_SERIAL0_CDC_HS not found: check if there is a RefParameter without a condition.
2023-07-18 02:03:00,092 [WARN] IP:2113 - DEVICE_SERIAL1_CDC_HS not found: check if there is a RefParameter without a condition.
2023-07-18 02:03:00,092 [WARN] IP:2113 - DEVICE_SERIAL2_CDC_HS not found: check if there is a RefParameter without a condition.
2023-07-18 02:03:00,672 [INFO] UtilMem:75 - End LoadConfig() Used Memory: 733976064 Bytes (908066816)
2023-07-18 02:03:01,163 [INFO] ApiDb:581 - Connected to CubeFinder SQLite database (C:\Users\bens1\.stmcufinder\plugins\mcufinder\mcu\cube-finder-db.db)
2023-07-18 02:03:01,266 [INFO] ApiDb:668 - CubeFinder database Data Model version=2.1
2023-07-18 02:03:01,266 [INFO] ApiDb:669 - CubeFinder database Configuration version=3.0.35
2023-07-18 02:03:01,267 [INFO] ApiDb:670 - CubeFinder database generation date=2023-05-12 (1683877179)
2023-07-18 02:03:01,267 [INFO] ApiDb:671 - CubeFinder database FW Pack versions=[FP-ATR-ASTRA1_V2.0.0, FP-SNS-FLIGHT1_V5.0.0, FP-SNS-MOTENV1_V4.3.0, STM32Cube_FW_C0_V1.0.1, STM32Cube_FW_F0_V1.11.4, STM32Cube_FW_F3_V1.11.4, STM32Cube_FW_F4_V1.27.1, STM32Cube_FW_F7_V1.17.0, STM32Cube_FW_G0_V1.6.1, STM32Cube_FW_G4_V1.5.1, STM32Cube_FW_H5_V0.5.1, STM32Cube_FW_H5_V1.0.0, STM32Cube_FW_H7_V1.11.0, STM32Cube_FW_L0_V1.12.2, STM32Cube_FW_L5_V1.5.0, STM32Cube_FW_U5_V1.2.0, STM32Cube_FW_WBA_V1.0.0, STM32Cube_FW_WBA_V1.0.0RC1, STM32Cube_FW_WBA_V1.0.0RC3, STM32Cube_FW_WB_V1.15.0RC1, STM32Cube_FW_WB_V1.16.0, STM32Cube_FW_WB_V1.16.0RC2, STM32Cube_FW_WL_V1.3.0, X-CUBE-ALGOBUILD_V1.3.0, X-CUBE-ALS_V1.0.1, X-CUBE-AZRTOS-F4_V1.1.0, X-CUBE-AZRTOS-F7_V1.1.0, X-CUBE-AZRTOS-G0_V1.1.0, X-CUBE-AZRTOS-G4_V2.0.0, X-CUBE-AZRTOS-H7_V3.1.0, X-CUBE-AZRTOS-L4_V1.0.0, X-CUBE-AZRTOS-L5_V1.1.0, X-CUBE-AZRTOS-WB_V1.1.0, X-CUBE-AZRTOS-WL_V1.0.0, X-CUBE-BLE1_V6.2.4, X-CUBE-BLE2_V3.3.0, X-CUBE-BLEMGR_V2.0.0, X-CUBE-EEPRMA1_V4.1.0, X-CUBE-FREERTOS_V1.0.1, X-CUBE-GNSS1_V6.0.0, X-CUBE-MEMS1_V9.1.0, X-CUBE-MEMS1_V9.4.0, X-CUBE-MEMS1_V9.6.0, X-CUBE-NFC4_V3.0.0, X-CUBE-NFC7_V1.0.0, X-CUBE-SFXS2LP1_V4.0.0, X-CUBE-SUBG2_V5.0.0]
2023-07-18 02:03:03,995 [INFO] ApiDb:240 - Found 297 in-development CPN: [B-G473E-ZEST1S, B-WB1M-WPAN1, B-WL5M-SUBG1, NUCLEO-C031C6, NUCLEO-H503RB, NUCLEO-H563ZI, NUCLEO-U545RE-Q, NUCLEO-U5A5ZJ-Q, NUCLEO-WBA52CG, STEVAL-PROTEUS1, STEVAL-STWINBX1, STM320518-EVAL, STM32C0116-DK, STM32C011D6Y3TR, STM32C011D6Y6TR, STM32C011F4P3, STM32C011F4P6, STM32C011F4U3, STM32C011F4U6TR, STM32C011F6P3, STM32C011F6P6, STM32C011F6U3, STM32C011F6U6TR, STM32C011J4M3, STM32C011J4M6, STM32C011J6M3, STM32C011J6M6, STM32C0316-DK, STM32C031C4T3, STM32C031C4T6, STM32C031C4U3, STM32C031C4U6, STM32C031C6T3, STM32C031C6T6, STM32C031C6U3, STM32C031C6U6, STM32C031F4P3, STM32C031F4P6, STM32C031F6P3, STM32C031F6P6, STM32C031G4U3, STM32C031G4U6, STM32C031G6U3, STM32C031G6U6, STM32C031K4T3, STM32C031K4T6, STM32C031K4U3, STM32C031K4U6, STM32C031K6T3, STM32C031K6T6, STM32C031K6U3, STM32C031K6U6, STM32G071K8TXN, STM32G071K8UXN, STM32G081GBU6N, STM32G081KBT6N, STM32G081KBUXN, STM32G0B1CCT6N, STM32G0B1KCT6, STM32G0B1NEY6TR, STM32G0B1RCT6N, STM32G0C1CCT6, STM32G0C1CCT6N, STM32G0C1CCU6N, STM32G0C1CET6N, STM32G0C1CEU6N, STM32G0C1KCT6, STM32G0C1NEY6TR, STM32G0C1RCI6N, STM32G0C1RCT6N, STM32G0C1REI6N, STM32G0C1RET6N, STM32G0C1VCI6, STM32G0C1VEI6, STM32G471CCT6, STM32G471CCU6, STM32G471CET3, STM32G471CET6, STM32G471CEU3, STM32G471CEU6, STM32G471MCT6, STM32G471MET3, STM32G471MET6, STM32G471MEY6TR, STM32G471QCT6, STM32G471QET3, STM32G471RCT6, STM32G471RET3, STM32G471RET6, STM32G471VCH6, STM32G471VCI6, STM32G471VCT6, STM32G471VEH3, STM32G471VEH6, STM32G471VEI3, STM32G471VEI6, STM32G471VET3, STM32G471VET6, STM32G474CCT6, STM32H503CBT6, STM32H503CBU6, STM32H503EBY6TR, STM32H503KBU6, STM32H503RBT6, STM32H562AGI6, STM32H562AII6, STM32H562IGK6, STM32H562IGT6, STM32H562IIK6, STM32H562IIT6, STM32H562RGT6, STM32H562RGV6, STM32H562RIT6, STM32H562RIV6, STM32H562VGT6, STM32H562VIT6, STM32H562ZGT6, STM32H562ZIT6, STM32H563AGI6, STM32H563AII3Q, STM32H563AII6, STM32H563IGK6, STM32H563IGT6, STM32H563IIK3Q, STM32H563IIK6, STM32H563IIT3Q, STM32H563IIT6, STM32H563MIY3QTR, STM32H563RGT6, STM32H563RGV6, STM32H563RIT6, STM32H563RIV6, STM32H563VGT6, STM32H563VIT3Q, STM32H563VIT6, STM32H563ZGT6, STM32H563ZIT3Q, STM32H563ZIT6, STM32H573AII3Q, STM32H573AII6, STM32H573I-DK, STM32H573IIK3Q, STM32H573IIK6, STM32H573IIT3Q, STM32H573IIT6, STM32H573MIY3QTR, STM32H573RIT6, STM32H573RIV6, STM32H573VIT3Q, STM32H573VIT6, STM32H573ZIT3Q, STM32H573ZIT6, STM32L4R5QGI6STR, STM32MP131AAE3, STM32MP131AAF3, STM32MP131AAG3, STM32MP131CAE3, STM32MP131CAF3, STM32MP131CAG3, STM32MP131DAE7, STM32MP131DAF7, STM32MP131DAG7, STM32MP131FAE7, STM32MP131FAF7, STM32MP131FAG7, STM32MP133AAE3, STM32MP133AAF3, STM32MP133AAG3, STM32MP133CAE3, STM32MP133CAF3, STM32MP133CAG3, STM32MP133DAE7, STM32MP133DAF7, STM32MP133DAG7, STM32MP133FAE7, STM32MP133FAF7, STM32MP133FAG7, STM32MP135AAE3, STM32MP135AAF3, STM32MP135AAG3, STM32MP135CAE3, STM32MP135CAF3, STM32MP135CAG3, STM32MP135DAE7, STM32MP135DAF7, STM32MP135DAG7, STM32MP135F-DK, STM32MP135FAE7, STM32MP135FAF7, STM32MP135FAF7T, STM32MP135FAF7U, STM32MP135FAG7, STM32U535CBT6, STM32U535CBT6Q, STM32U535CBU6, STM32U535CBU6Q, STM32U535CCT6, STM32U535CCT6Q, STM32U535CCU6, STM32U535CCU6Q, STM32U535CET6, STM32U535CET6Q, STM32U535CEU6, STM32U535CEU6Q, STM32U535JEY6QTR, STM32U535NCY6QTR, STM32U535NEY6QTR, STM32U535RBI6, STM32U535RBI6Q, STM32U535RBT6, STM32U535RBT6Q, STM32U535RCI6, STM32U535RCI6Q, STM32U535RCT6, STM32U535RCT6Q, STM32U535REI6, STM32U535REI6Q, STM32U535RET6, STM32U535RET6Q, STM32U535VCI6, STM32U535VCI6Q, STM32U535VCT6, STM32U535VCT6Q, STM32U535VEI6, STM32U535VEI6Q, STM32U535VET6, STM32U535VET6Q, STM32U545CET6, STM32U545CET6Q, STM32U545CEU6, STM32U545CEU6Q, STM32U545JEY6QTR, STM32U545NEY6QTR, STM32U545REI6, STM32U545REI6Q, STM32U545RET6, STM32U545RET6Q, STM32U545VEI6, STM32U545VEI6Q, STM32U545VET6, STM32U545VET6Q, STM32U595AIH6, STM32U595AIH6Q, STM32U595AJH6, STM32U595AJH6Q, STM32U595QII6, STM32U595QII6Q, STM32U595QJI6, STM32U595QJI6Q, STM32U595RIT6, STM32U595RIT6Q, STM32U595RJT6, STM32U595RJT6Q, STM32U595VIT6, STM32U595VIT6Q, STM32U595VJT6, STM32U595VJT6Q, STM32U595ZIT6, STM32U595ZIT6Q, STM32U595ZIY6QTR, STM32U595ZJT6, STM32U595ZJT6Q, STM32U595ZJY6QTR, STM32U599BJY6QTR, STM32U599NIH6Q, STM32U599NJH6Q, STM32U599VIT6Q, STM32U599VJT6, STM32U599VJT6Q, STM32U599ZIT6Q, STM32U599ZIY6QTR, STM32U599ZJT6Q, STM32U599ZJY6QTR, STM32U5A5AJH6, STM32U5A5AJH6Q, STM32U5A5QJI6, STM32U5A5QJI6Q, STM32U5A5RJT6, STM32U5A5RJT6Q, STM32U5A5VJT6, STM32U5A5VJT6Q, STM32U5A5ZJT6, STM32U5A5ZJT6Q, STM32U5A5ZJY6QTR, STM32U5A9BJY6QTR, STM32U5A9J-DK, STM32U5A9NJH6Q, STM32U5A9VJT6Q, STM32U5A9ZJT6Q, STM32U5A9ZJY6QTR, STM32WB1MMCH6, STM32WBA52CEU6, STM32WBA52CEU6T, STM32WBA52CGU6, STM32WBA52CGU6T, STM32WL5MOCH6, STM32WL5MOCH6TR]
2023-07-18 02:03:03,999 [INFO] DbMcus:216 - Found 3775 MCUs, 3775 are supported
2023-07-18 02:03:04,003 [INFO] ApiDb:423 - Load user favorites file C:\Users\bens1/.stm32cubeide/favorites.mcus.txt: 1 item(s)
2023-07-18 02:03:04,003 [INFO] ApiDb:427 - User favorites MCUs=[STM32U575RIT6Q]
2023-07-18 02:03:04,004 [INFO] DbMcus:222 - Set 1 / 1 favorites MCUs
2023-07-18 02:03:04,435 [WARN] ThirdParty:833 - waiting for thirdparty lock release [change project]
2023-07-18 02:03:04,436 [INFO] ThirdParty:835 - entering critical section [change project]
2023-07-18 02:03:04,436 [INFO] ThirdParty:1030 - CMSIS Pack Vendor :STMicroelectronics X-CUBE-ISPU 1.1.0
2023-07-18 02:03:04,436 [INFO] ThirdParty:1030 - CMSIS Pack Vendor :RoweBots I-CUBE-UNISONRTOS 5.5.0-4
2023-07-18 02:03:04,436 [INFO] ThirdParty:1030 - CMSIS Pack Vendor :STMicroelectronics X-CUBE-GNSS1 6.0.0
2023-07-18 02:03:04,436 [INFO] ThirdParty:1030 - CMSIS Pack Vendor :STMicroelectronics X-CUBE-AZRTOS-H7 2.1.0
2023-07-18 02:03:04,437 [INFO] ThirdParty:1030 - CMSIS Pack Vendor :STMicroelectronics USB_HOST 2.0.0
2023-07-18 02:03:04,437 [INFO] ThirdParty:1030 - CMSIS Pack Vendor :STMicroelectronics X-CUBE-AZRTOS-F4 1.1.0
2023-07-18 02:03:04,437 [INFO] ThirdParty:1030 - CMSIS Pack Vendor :STMicroelectronics LIBJPEG 8.0.0
2023-07-18 02:03:04,438 [INFO] ThirdParty:1030 - CMSIS Pack Vendor :STMicroelectronics X-CUBE-SMBUS 2.1.0
2023-07-18 02:03:04,438 [INFO] ThirdParty:1030 - CMSIS Pack Vendor :STMicroelectronics USB_DEVICE 3.0.0
2023-07-18 02:03:04,438 [INFO] ThirdParty:1030 - CMSIS Pack Vendor :STMicroelectronics X-CUBE-AI 8.0.0
2023-07-18 02:03:04,438 [INFO] ThirdParty:1030 - CMSIS Pack Vendor :STMicroelectronics X-CUBE-FREERTOS 1.0.0
2023-07-18 02:03:04,439 [INFO] ThirdParty:1030 - CMSIS Pack Vendor :STMicroelectronics X-CUBE-FREERTOS 1.0.1
2023-07-18 02:03:04,439 [INFO] ThirdParty:1030 - CMSIS Pack Vendor :STMicroelectronics X-CUBE-TOUCHGFX 4.21.1
2023-07-18 02:03:04,440 [INFO] ThirdParty:1030 - CMSIS Pack Vendor :STMicroelectronics X-CUBE-TOUCHGFX 4.21.0
2023-07-18 02:03:04,440 [INFO] ThirdParty:1030 - CMSIS Pack Vendor :STMicroelectronics X-CUBE-TOUCHGFX 4.21.3
2023-07-18 02:03:04,441 [INFO] ThirdParty:1030 - CMSIS Pack Vendor :STMicroelectronics X-CUBE-BLEMGR 1.0.0
2023-07-18 02:03:04,441 [INFO] ThirdParty:1030 - CMSIS Pack Vendor :STMicroelectronics X-CUBE-MEMS1 9.2.0
2023-07-18 02:03:04,441 [INFO] ThirdParty:1030 - CMSIS Pack Vendor :STMicroelectronics X-CUBE-BLEMGR 1.2.0
2023-07-18 02:03:04,442 [INFO] ThirdParty:1030 - CMSIS Pack Vendor :STMicroelectronics X-CUBE-AZRTOS-F7 1.1.0
2023-07-18 02:03:04,442 [INFO] ThirdParty:1030 - CMSIS Pack Vendor :STMicroelectronics X-CUBE-TOUCHGFX 4.21.4
2023-07-18 02:03:04,442 [INFO] ThirdParty:1030 - CMSIS Pack Vendor :STMicroelectronics X-CUBE-MEMS1 9.4.0
2023-07-18 02:03:04,442 [INFO] ThirdParty:1030 - CMSIS Pack Vendor :STMicroelectronics USB_DEVICE 2.0.0
2023-07-18 02:03:04,442 [INFO] ThirdParty:1030 - CMSIS Pack Vendor :STMicroelectronics X-CUBE-MEMS1 9.6.0
2023-07-18 02:03:04,442 [INFO] ThirdParty:1030 - CMSIS Pack Vendor :STMicroelectronics X-CUBE-AI 7.3.0
2023-07-18 02:03:04,442 [INFO] ThirdParty:1030 - CMSIS Pack Vendor :STMicroelectronics FP-SNS-MOTENV1 4.3.0
2023-07-18 02:03:04,442 [INFO] ThirdParty:1030 - CMSIS Pack Vendor :STMicroelectronics FP-SNS-MOTENV1 4.3.2
2023-07-18 02:03:04,442 [INFO] ThirdParty:1030 - CMSIS Pack Vendor :STMicroelectronics FP-SNS-FLIGHT1 5.0.0
2023-07-18 02:03:04,442 [INFO] ThirdParty:1030 - CMSIS Pack Vendor :STMicroelectronics FP-SNS-MOTENV1 4.3.1
2023-07-18 02:03:04,442 [INFO] ThirdParty:1030 - CMSIS Pack Vendor :STMicroelectronics FP-SNS-FLIGHT1 5.0.1
2023-07-18 02:03:04,442 [INFO] ThirdParty:1030 - CMSIS Pack Vendor :STMicroelectronics X-CUBE-BLE1 6.2.3
2023-07-18 02:03:04,442 [INFO] ThirdParty:1030 - CMSIS Pack Vendor :STMicroelectronics X-CUBE-ALGOBUILD 1.3.0
2023-07-18 02:03:04,442 [INFO] ThirdParty:1030 - CMSIS Pack Vendor :STMicroelectronics X-CUBE-BLE1 6.2.4
2023-07-18 02:03:04,442 [INFO] ThirdParty:1030 - CMSIS Pack Vendor :STMicroelectronics X-CUBE-AZRTOS-L5 1.1.0
2023-07-18 02:03:04,442 [INFO] ThirdParty:1030 - CMSIS Pack Vendor :STMicroelectronics FreeRTOS 0.0.1
2023-07-18 02:03:04,442 [INFO] ThirdParty:1030 - CMSIS Pack Vendor :STMicroelectronics X-CUBE-AZRTOS-G0 1.1.0
2023-07-18 02:03:04,442 [INFO] ThirdParty:1030 - CMSIS Pack Vendor :STMicroelectronics X-CUBE-BLEMGR 2.0.0
2023-07-18 02:03:04,442 [INFO] ThirdParty:1030 - CMSIS Pack Vendor :STMicroelectronics X-CUBE-AI 8.0.1
2023-07-18 02:03:04,443 [INFO] ThirdParty:1030 - CMSIS Pack Vendor :STMicroelectronics X-CUBE-SUBG2 5.0.0
2023-07-18 02:03:04,443 [INFO] ThirdParty:1030 - CMSIS Pack Vendor :STMicroelectronics X-CUBE-NFC4 3.0.0
2023-07-18 02:03:04,443 [INFO] ThirdParty:1030 - CMSIS Pack Vendor :SEGGER I-CUBE-embOS 1.2.0
2023-07-18 02:03:04,443 [INFO] ThirdParty:1030 - CMSIS Pack Vendor :STMicroelectronics STM32_WPAN 1.0.0
2023-07-18 02:03:04,443 [INFO] ThirdParty:1030 - CMSIS Pack Vendor :STMicroelectronics lwIP 2.0.3
2023-07-18 02:03:04,443 [INFO] ThirdParty:1030 - CMSIS Pack Vendor :STMicroelectronics X-CUBE-NFC4 2.0.5
2023-07-18 02:03:04,443 [INFO] ThirdParty:1030 - CMSIS Pack Vendor :STMicroelectronics X-CUBE-NFC4 2.0.4
2023-07-18 02:03:04,443 [INFO] ThirdParty:1030 - CMSIS Pack Vendor :STMicroelectronics USB_HOST 1.0.0
2023-07-18 02:03:04,443 [INFO] ThirdParty:1030 - CMSIS Pack Vendor :STMicroelectronics X-CUBE-AZRTOS-G4 2.0.0
2023-07-18 02:03:04,443 [INFO] ThirdParty:1030 - CMSIS Pack Vendor :STMicroelectronics PDM2PCM 3.1.0
2023-07-18 02:03:04,443 [INFO] ThirdParty:1030 - CMSIS Pack Vendor :STMicroelectronics X-CUBE-AZRTOS-H7 3.1.0
2023-07-18 02:03:04,443 [INFO] ThirdParty:1030 - CMSIS Pack Vendor :STMicroelectronics X-CUBE-TOF1 3.3.0
2023-07-18 02:03:04,443 [INFO] ThirdParty:1030 - CMSIS Pack Vendor :STMicroelectronics FP-ATR-ASTRA1 1.1.1
2023-07-18 02:03:04,443 [INFO] ThirdParty:1030 - CMSIS Pack Vendor :STMicroelectronics PDM2PCM 3.3.0
2023-07-18 02:03:04,443 [INFO] ThirdParty:1030 - CMSIS Pack Vendor :STMicroelectronics X-CUBE-TOF1 3.1.0
2023-07-18 02:03:04,443 [INFO] ThirdParty:1030 - CMSIS Pack Vendor :STMicroelectronics FP-ATR-ASTRA1 1.1.0
2023-07-18 02:03:04,444 [INFO] ThirdParty:1030 - CMSIS Pack Vendor :STMicroelectronics X-CUBE-DISPLAY 3.0.0
2023-07-18 02:03:04,444 [INFO] ThirdParty:1030 - CMSIS Pack Vendor :STMicroelectronics X-CUBE-BLEMGR 1.3.0
2023-07-18 02:03:04,444 [INFO] ThirdParty:1030 - CMSIS Pack Vendor :STMicroelectronics X-CUBE-AZRTOS-F4 1.0.0
2023-07-18 02:03:04,444 [INFO] ThirdParty:1030 - CMSIS Pack Vendor :STMicroelectronics X-CUBE-AZRTOS-G4 1.0.0
2023-07-18 02:03:04,444 [INFO] ThirdParty:1030 - CMSIS Pack Vendor :STMicroelectronics FP-ATR-SIGFOX1 3.2.0
2023-07-18 02:03:04,444 [INFO] ThirdParty:1030 - CMSIS Pack Vendor :wolfSSL I-CUBE-wolfSSL 5.3.0
2023-07-18 02:03:04,444 [INFO] ThirdParty:1030 - CMSIS Pack Vendor :STMicroelectronics X-CUBE-AZRTOS-L4 1.0.0
2023-07-18 02:03:04,444 [INFO] ThirdParty:1030 - CMSIS Pack Vendor :STMicroelectronics HAL Drivers 0.0.0
2023-07-18 02:03:04,444 [INFO] ThirdParty:1030 - CMSIS Pack Vendor :STMicroelectronics MBEDTLS 2.16.2
2023-07-18 02:03:04,444 [INFO] ThirdParty:1030 - CMSIS Pack Vendor :emotas I-CUBE-CANOPEN 1.1.2
2023-07-18 02:03:04,444 [INFO] ThirdParty:1030 - CMSIS Pack Vendor :STMicroelectronics X-CUBE-TOUCHGFX 4.20.0
2023-07-18 02:03:04,444 [INFO] ThirdParty:1030 - CMSIS Pack Vendor :STMicroelectronics X-CUBE-TOUCHGFX 4.22.0
2023-07-18 02:03:04,444 [INFO] ThirdParty:1030 - CMSIS Pack Vendor :STMicroelectronics X-CUBE-NFC7 1.0.1
2023-07-18 02:03:04,445 [INFO] ThirdParty:1030 - CMSIS Pack Vendor :STMicroelectronics MBEDTLS 2.14.1
2023-07-18 02:03:04,445 [INFO] ThirdParty:1030 - CMSIS Pack Vendor :STMicroelectronics X-CUBE-NFC7 1.0.0
2023-07-18 02:03:04,445 [INFO] ThirdParty:1030 - CMSIS Pack Vendor :STMicroelectronics X-CUBE-AZRTOS-WL 1.0.0
2023-07-18 02:03:04,445 [INFO] ThirdParty:1030 - CMSIS Pack Vendor :STMicroelectronics X-CUBE-MEMS1 9.3.0
2023-07-18 02:03:04,445 [INFO] ThirdParty:1030 - CMSIS Pack Vendor :STMicroelectronics X-CUBE-EEPRMA1 4.1.0
2023-07-18 02:03:04,445 [INFO] ThirdParty:1030 - CMSIS Pack Vendor :portGmbH I-Cube-SoM-uGOAL 1.1.0
2023-07-18 02:03:04,445 [INFO] ThirdParty:1030 - CMSIS Pack Vendor :STMicroelectronics X-CUBE-ALS 1.0.1
2023-07-18 02:03:04,445 [INFO] ThirdParty:1030 - CMSIS Pack Vendor :STMicroelectronics X-CUBE-AI 7.2.0
2023-07-18 02:03:04,445 [INFO] ThirdParty:1030 - CMSIS Pack Vendor :STMicroelectronics X-CUBE-MEMS1 9.5.0
2023-07-18 02:03:04,445 [INFO] ThirdParty:1030 - CMSIS Pack Vendor :STMicroelectronics ThreadX 1.0.0
2023-07-18 02:03:04,445 [INFO] ThirdParty:1030 - CMSIS Pack Vendor :STMicroelectronics X-CUBE-AZRTOS-WB 1.1.0
2023-07-18 02:03:04,445 [INFO] ThirdParty:1030 - CMSIS Pack Vendor :STMicroelectronics X-CUBE-AZRTOS-WL 2.0.0
2023-07-18 02:03:04,445 [INFO] ThirdParty:1030 - CMSIS Pack Vendor :SEGGER I-CUBE-embOS 1.3.1
2023-07-18 02:03:04,445 [INFO] ThirdParty:1030 - CMSIS Pack Vendor :STMicroelectronics X-CUBE-AZRTOS-L5 1.0.0
2023-07-18 02:03:04,446 [INFO] ThirdParty:1030 - CMSIS Pack Vendor :STMicroelectronics USB_DEVICE 1.0.0
2023-07-18 02:03:04,446 [INFO] ThirdParty:1030 - CMSIS Pack Vendor :STMicroelectronics X-CUBE-EEPRMA1 3.1.1
2023-07-18 02:03:04,446 [INFO] ThirdParty:1030 - CMSIS Pack Vendor :STMicroelectronics X-CUBE-AZRTOS-L4 2.0.0
2023-07-18 02:03:04,446 [INFO] ThirdParty:1030 - CMSIS Pack Vendor :STMicroelectronics ThreadX 0.0.2
2023-07-18 02:03:04,446 [INFO] ThirdParty:1030 - CMSIS Pack Vendor :WES I-CUBE-Cesium 1.3.0
2023-07-18 02:03:04,446 [INFO] ThirdParty:1030 - CMSIS Pack Vendor :STMicroelectronics FP-ATR-ASTRA1 2.0.0
2023-07-18 02:03:04,446 [INFO] ThirdParty:1030 - CMSIS Pack Vendor :STMicroelectronics lwIP 2.1.2
2023-07-18 02:03:04,446 [INFO] ThirdParty:1030 - CMSIS Pack Vendor :STMicroelectronics X-CUBE-SFXS2LP1 4.0.0
2023-07-18 02:03:04,446 [INFO] ThirdParty:1030 - CMSIS Pack Vendor :STMicroelectronics X-CUBE-BLE2 3.3.0
2023-07-18 02:03:04,446 [INFO] ThirdParty:1030 - CMSIS Pack Vendor :STMicroelectronics X-CUBE-DISPLAY 2.2.0
2023-07-18 02:03:04,446 [INFO] ThirdParty:1030 - CMSIS Pack Vendor :STMicroelectronics X-CUBE-TOF1 3.2.0
2023-07-18 02:03:04,446 [INFO] ThirdParty:1030 - CMSIS Pack Vendor :STMicroelectronics PDM2PCM 3.2.0
2023-07-18 02:03:04,446 [INFO] ThirdParty:1030 - CMSIS Pack Vendor :STMicroelectronics X-CUBE-AZRTOS-H7 3.0.0
2023-07-18 02:03:04,446 [INFO] ThirdParty:1030 - CMSIS Pack Vendor :STMicroelectronics X-CUBE-ISPU 1.0.0
2023-07-18 02:03:04,446 [INFO] ThirdParty:841 - exiting critical section [change project]
2023-07-18 02:03:05,385 [INFO] PinOutPanel:1499 - setPackage(No Configuration,No Configuration)
2023-07-18 02:03:05,387 [INFO] PinOutPanel:1499 - setPackage(STM32H723ZGTx,LQFP144)
2023-07-18 02:03:06,671 [INFO] UtilMem:75 - Before build in PCC Used Memory: 746044256 Bytes (908066816)
2023-07-18 02:03:08,727 [INFO] UtilMem:75 - After build in PCC Used Memory: 715875960 Bytes (908066816)
2023-07-18 02:03:08,801 [INFO] ApiDbMcu:507 - Load IP Config File for FATFS
2023-07-18 02:03:08,816 [INFO] ApiDbMcu:507 - Load IP Config File for FREERTOS
2023-07-18 02:03:08,824 [INFO] ApiDbMcu:507 - Load IP Config File for LWIP
2023-07-18 02:03:08,833 [INFO] ApiDbMcu:507 - Load IP Config File for USB_DEVICE
2023-07-18 02:03:08,836 [WARN] BspModel:443 - BSP dependency skipped because of component: name='DP83848', api='BSP_COMPONENT_DRIVER'
2023-07-18 02:03:08,880 [INFO] IPUIPlugin:80 - create IPUIPlugin
2023-07-18 02:03:08,881 [INFO] IPUIPlugin:80 - create IPUIPlugin
2023-07-18 02:03:08,881 [INFO] IPUIPlugin:80 - create IPUIPlugin
2023-07-18 02:03:08,881 [INFO] IPUIPlugin:80 - create IPUIPlugin
2023-07-18 02:03:08,881 [INFO] IPUIPlugin:80 - create IPUIPlugin
2023-07-18 02:03:08,881 [INFO] IPUIPlugin:80 - create IPUIPlugin
2023-07-18 02:03:08,881 [INFO] IPUIPlugin:80 - create IPUIPlugin
2023-07-18 02:03:08,881 [INFO] IPUIPlugin:80 - create IPUIPlugin
2023-07-18 02:03:08,881 [INFO] IPUIPlugin:80 - create IPUIPlugin
2023-07-18 02:03:08,882 [INFO] IPUIPlugin:80 - create IPUIPlugin
2023-07-18 02:03:08,882 [INFO] IPUIPlugin:80 - create IPUIPlugin
2023-07-18 02:03:08,882 [INFO] IPUIPlugin:80 - create IPUIPlugin
2023-07-18 02:03:08,882 [INFO] IPUIPlugin:80 - create IPUIPlugin
2023-07-18 02:03:08,882 [INFO] IPUIPlugin:80 - create IPUIPlugin
2023-07-18 02:03:08,882 [INFO] IPUIPlugin:80 - create IPUIPlugin
2023-07-18 02:03:08,882 [INFO] IPUIPlugin:80 - create IPUIPlugin
2023-07-18 02:03:08,882 [INFO] IPUIPlugin:80 - create IPUIPlugin
2023-07-18 02:03:08,883 [INFO] IPUIPlugin:80 - create IPUIPlugin
2023-07-18 02:03:08,883 [INFO] IPUIPlugin:80 - create IPUIPlugin
2023-07-18 02:03:08,883 [INFO] IPUIPlugin:80 - create IPUIPlugin
2023-07-18 02:03:08,883 [INFO] IPUIPlugin:80 - create IPUIPlugin
2023-07-18 02:03:08,883 [INFO] IPUIPlugin:80 - create IPUIPlugin
2023-07-18 02:03:08,883 [INFO] IPUIPlugin:80 - create IPUIPlugin
2023-07-18 02:03:08,883 [INFO] IPUIPlugin:80 - create IPUIPlugin
2023-07-18 02:03:08,884 [INFO] IPUIPlugin:80 - create IPUIPlugin
2023-07-18 02:03:08,884 [INFO] IPUIPlugin:80 - create IPUIPlugin
2023-07-18 02:03:08,884 [INFO] IPUIPlugin:80 - create IPUIPlugin
2023-07-18 02:03:08,884 [INFO] IPUIPlugin:80 - create IPUIPlugin
2023-07-18 02:03:08,884 [INFO] IPUIPlugin:80 - create IPUIPlugin
2023-07-18 02:03:08,884 [INFO] IPUIPlugin:80 - create IPUIPlugin
2023-07-18 02:03:08,885 [INFO] IPUIPlugin:80 - create IPUIPlugin
2023-07-18 02:03:08,885 [INFO] IPUIPlugin:80 - create IPUIPlugin
2023-07-18 02:03:08,885 [INFO] IPUIPlugin:80 - create IPUIPlugin
2023-07-18 02:03:08,885 [INFO] IPUIPlugin:80 - create IPUIPlugin
2023-07-18 02:03:08,885 [INFO] IPUIPlugin:80 - create IPUIPlugin
2023-07-18 02:03:08,886 [INFO] IPUIPlugin:80 - create IPUIPlugin
2023-07-18 02:03:08,886 [INFO] IPUIPlugin:80 - create IPUIPlugin
2023-07-18 02:03:08,886 [INFO] IPUIPlugin:80 - create IPUIPlugin
2023-07-18 02:03:08,887 [INFO] IPUIPlugin:80 - create IPUIPlugin
2023-07-18 02:03:08,888 [INFO] IPUIPlugin:80 - create IPUIPlugin
2023-07-18 02:03:08,888 [INFO] IPUIPlugin:80 - create IPUIPlugin
2023-07-18 02:03:08,888 [INFO] IPUIPlugin:80 - create IPUIPlugin
2023-07-18 02:03:08,889 [INFO] IPUIPlugin:80 - create IPUIPlugin
2023-07-18 02:03:08,889 [INFO] IPUIPlugin:80 - create IPUIPlugin
2023-07-18 02:03:08,890 [INFO] IPUIPlugin:80 - create IPUIPlugin
2023-07-18 02:03:08,890 [INFO] IPUIPlugin:80 - create IPUIPlugin
2023-07-18 02:03:08,890 [INFO] IPUIPlugin:80 - create IPUIPlugin
2023-07-18 02:03:08,890 [INFO] IPUIPlugin:80 - create IPUIPlugin
2023-07-18 02:03:08,890 [INFO] IPUIPlugin:80 - create IPUIPlugin
2023-07-18 02:03:08,890 [INFO] IPUIPlugin:80 - create IPUIPlugin
2023-07-18 02:03:08,890 [INFO] IPUIPlugin:80 - create IPUIPlugin
2023-07-18 02:03:08,891 [INFO] IPUIPlugin:80 - create IPUIPlugin
2023-07-18 02:03:08,891 [INFO] IPUIPlugin:80 - create IPUIPlugin
2023-07-18 02:03:08,891 [INFO] IPUIPlugin:80 - create IPUIPlugin
2023-07-18 02:03:08,891 [INFO] IPUIPlugin:80 - create IPUIPlugin
2023-07-18 02:03:08,891 [INFO] IPUIPlugin:80 - create IPUIPlugin
2023-07-18 02:03:08,892 [INFO] IPUIPlugin:80 - create IPUIPlugin
2023-07-18 02:03:08,892 [INFO] IPUIPlugin:80 - create IPUIPlugin
2023-07-18 02:03:08,892 [INFO] IPUIPlugin:80 - create IPUIPlugin
2023-07-18 02:03:08,892 [INFO] IPUIPlugin:80 - create IPUIPlugin
2023-07-18 02:03:08,893 [INFO] IPUIPlugin:80 - create IPUIPlugin
2023-07-18 02:03:08,893 [INFO] IPUIPlugin:80 - create IPUIPlugin
2023-07-18 02:03:08,893 [INFO] IPUIPlugin:80 - create IPUIPlugin
2023-07-18 02:03:08,893 [INFO] IPUIPlugin:80 - create IPUIPlugin
2023-07-18 02:03:08,893 [INFO] IPUIPlugin:80 - create IPUIPlugin
2023-07-18 02:03:08,894 [INFO] IPUIPlugin:80 - create IPUIPlugin
2023-07-18 02:03:08,894 [INFO] IPUIPlugin:80 - create IPUIPlugin
2023-07-18 02:03:08,894 [INFO] IPUIPlugin:80 - create IPUIPlugin
2023-07-18 02:03:08,895 [INFO] IPUIPlugin:80 - create IPUIPlugin
2023-07-18 02:03:08,895 [INFO] IPUIPlugin:80 - create IPUIPlugin
2023-07-18 02:03:08,895 [INFO] IPUIPlugin:80 - create IPUIPlugin
2023-07-18 02:03:08,895 [INFO] IPUIPlugin:80 - create IPUIPlugin
2023-07-18 02:03:08,896 [INFO] IPUIPlugin:80 - create IPUIPlugin
2023-07-18 02:03:08,896 [INFO] IPUIPlugin:80 - create IPUIPlugin
2023-07-18 02:03:08,896 [INFO] IPUIPlugin:80 - create IPUIPlugin
2023-07-18 02:03:08,897 [INFO] IPUIPlugin:80 - create IPUIPlugin
2023-07-18 02:03:08,897 [INFO] IPUIPlugin:80 - create IPUIPlugin
2023-07-18 02:03:08,897 [INFO] IPUIPlugin:80 - create IPUIPlugin
2023-07-18 02:03:08,897 [INFO] IPUIPlugin:80 - create IPUIPlugin
2023-07-18 02:03:08,898 [INFO] IPUIPlugin:80 - create IPUIPlugin
2023-07-18 02:03:08,898 [INFO] IPUIPlugin:80 - create IPUIPlugin
2023-07-18 02:03:08,898 [INFO] IPUIPlugin:80 - create IPUIPlugin
2023-07-18 02:03:08,899 [INFO] IPUIPlugin:80 - create IPUIPlugin
2023-07-18 02:03:08,899 [INFO] IPUIPlugin:80 - create IPUIPlugin
2023-07-18 02:03:08,899 [INFO] IPUIPlugin:80 - create IPUIPlugin
2023-07-18 02:03:08,900 [INFO] IPUIPlugin:80 - create IPUIPlugin
2023-07-18 02:03:08,900 [INFO] IPUIPlugin:80 - create IPUIPlugin
2023-07-18 02:03:08,901 [INFO] IPUIPlugin:80 - create IPUIPlugin
2023-07-18 02:03:08,901 [INFO] IPUIPlugin:80 - create IPUIPlugin
2023-07-18 02:03:08,902 [INFO] IPUIPlugin:80 - create IPUIPlugin
2023-07-18 02:03:08,902 [INFO] IPUIPlugin:80 - create IPUIPlugin
2023-07-18 02:03:08,902 [INFO] IPUIPlugin:80 - create IPUIPlugin
2023-07-18 02:03:08,903 [INFO] IPUIPlugin:80 - create IPUIPlugin
2023-07-18 02:03:08,903 [INFO] IPUIPlugin:80 - create IPUIPlugin
2023-07-18 02:03:08,903 [INFO] IPUIPlugin:80 - create IPUIPlugin
2023-07-18 02:03:08,904 [INFO] IPUIPlugin:80 - create IPUIPlugin
2023-07-18 02:03:08,904 [INFO] IPUIPlugin:80 - create IPUIPlugin
2023-07-18 02:03:08,904 [INFO] IPUIPlugin:80 - create IPUIPlugin
2023-07-18 02:03:08,905 [INFO] IPUIPlugin:80 - create IPUIPlugin
2023-07-18 02:03:08,905 [INFO] IPUIPlugin:80 - create IPUIPlugin
2023-07-18 02:03:08,905 [INFO] IPUIPlugin:80 - create IPUIPlugin
2023-07-18 02:03:08,906 [INFO] IPUIPlugin:80 - create IPUIPlugin
2023-07-18 02:03:08,906 [INFO] IPUIPlugin:80 - create IPUIPlugin
2023-07-18 02:03:08,907 [INFO] IPUIPlugin:80 - create IPUIPlugin
2023-07-18 02:03:08,907 [INFO] IPUIPlugin:80 - create IPUIPlugin
2023-07-18 02:03:08,914 [INFO] ApiDbMcu:507 - Load IP Config File for PDM2PCM
2023-07-18 02:03:08,921 [WARN] IP:2113 - ClockDivider not found: check if there is a RefParameter without a condition.
2023-07-18 02:03:08,921 [WARN] IP:2113 - ClockDividerCCU not found: check if there is a RefParameter without a condition.
2023-07-18 02:03:08,922 [WARN] IP:2113 - MinOscClkPeriodsCCU not found: check if there is a RefParameter without a condition.
2023-07-18 02:03:08,922 [WARN] IP:2113 - TimeQuantaPerBitTimeCCU not found: check if there is a RefParameter without a condition.
2023-07-18 02:03:08,922 [WARN] IP:2113 - WatchdogStartValueCCU not found: check if there is a RefParameter without a condition.
2023-07-18 02:03:08,934 [INFO] LogOutputStream:77 - [STDOUT_REDIRECT] Nominal 
2023-07-18 02:03:08,935 [INFO] Can:71 - Can Add PropertyChangeListener com.st.microxplorer.plugins.ip.can.Can@3fb59efc
2023-07-18 02:03:08,935 [WARN] IP:2113 - ClockDivider not found: check if there is a RefParameter without a condition.
2023-07-18 02:03:08,936 [WARN] IP:2113 - ClockDividerCCU not found: check if there is a RefParameter without a condition.
2023-07-18 02:03:08,936 [WARN] IP:2113 - MinOscClkPeriodsCCU not found: check if there is a RefParameter without a condition.
2023-07-18 02:03:08,936 [WARN] IP:2113 - TimeQuantaPerBitTimeCCU not found: check if there is a RefParameter without a condition.
2023-07-18 02:03:08,936 [WARN] IP:2113 - WatchdogStartValueCCU not found: check if there is a RefParameter without a condition.
2023-07-18 02:03:08,938 [INFO] LogOutputStream:77 - [STDOUT_REDIRECT] Nominal 
2023-07-18 02:03:08,938 [INFO] Can:71 - Can Add PropertyChangeListener com.st.microxplorer.plugins.ip.can.Can@758048aa
2023-07-18 02:03:08,963 [WARN] FreeRTOS:1023 - Null or empty value: should not occur! (nothing added to the table)
2023-07-18 02:03:09,305 [INFO] CADModel:165 - CPN selected for project levelSTM32H723ZGT6
2023-07-18 02:03:09,305 [INFO] CADModel:114 - Register for checkConnection events
2023-07-18 02:03:09,310 [INFO] RtosManager:697 - Active RTOS found at IOC load: FREERTOS [Cortex-M7NS]
2023-07-18 02:03:09,380 [INFO] OpenFileManager:328 - Restore cursor
2023-07-18 02:03:09,573 [WARN] IP:2113 - ClockDivider not found: check if there is a RefParameter without a condition.
2023-07-18 02:03:09,573 [WARN] IP:2113 - ClockDividerCCU not found: check if there is a RefParameter without a condition.
2023-07-18 02:03:09,574 [WARN] IP:2113 - MinOscClkPeriodsCCU not found: check if there is a RefParameter without a condition.
2023-07-18 02:03:09,574 [WARN] IP:2113 - TimeQuantaPerBitTimeCCU not found: check if there is a RefParameter without a condition.
2023-07-18 02:03:09,574 [WARN] IP:2113 - WatchdogStartValueCCU not found: check if there is a RefParameter without a condition.
2023-07-18 02:03:09,696 [WARN] IP:2113 - ClockDivider not found: check if there is a RefParameter without a condition.
2023-07-18 02:03:09,697 [WARN] IP:2113 - ClockDividerCCU not found: check if there is a RefParameter without a condition.
2023-07-18 02:03:09,697 [WARN] IP:2113 - MinOscClkPeriodsCCU not found: check if there is a RefParameter without a condition.
2023-07-18 02:03:09,697 [WARN] IP:2113 - TimeQuantaPerBitTimeCCU not found: check if there is a RefParameter without a condition.
2023-07-18 02:03:09,697 [WARN] IP:2113 - WatchdogStartValueCCU not found: check if there is a RefParameter without a condition.
2023-07-18 02:03:09,735 [WARN] IP:2113 - DEVICE_SERIAL0_CDC_HS not found: check if there is a RefParameter without a condition.
2023-07-18 02:03:09,735 [WARN] IP:2113 - DEVICE_SERIAL1_CDC_HS not found: check if there is a RefParameter without a condition.
2023-07-18 02:03:09,735 [WARN] IP:2113 - DEVICE_SERIAL2_CDC_HS not found: check if there is a RefParameter without a condition.
2023-07-18 02:03:09,737 [WARN] IP:2113 - DEVICE_SERIAL0_CDC_HS not found: check if there is a RefParameter without a condition.
2023-07-18 02:03:09,737 [WARN] IP:2113 - DEVICE_SERIAL1_CDC_HS not found: check if there is a RefParameter without a condition.
2023-07-18 02:03:09,737 [WARN] IP:2113 - DEVICE_SERIAL2_CDC_HS not found: check if there is a RefParameter without a condition.
